<?xml version="1.0" encoding="UTF-8" ?>
<testsuite errors="0" failures="0" hostname="DD-8MR3SW1" name="testPackage.MySuiteRunner" skipped="0" tests="2" time="33.234" timestamp="2015-01-13T21:17:48">
  <properties>
    <property name="file.encoding.pkg" value="sun.io" />
    <property name="env.PROMPT" value="$P$G" />
    <property name="java.home" value="C:\Program Files\Java\jre1.8.0_25" />
    <property name="ws.jars" value="C:/Users/hassan.abul/workspace/JUnitProject/JAR" />
    <property name="ant.file.Module_8_Junit_Ant" value="C:\Users\hassan.abul\workspace\JUnitProject\build.xml" />
    <property name="java.endorsed.dirs" value="C:\Program Files\Java\jre1.8.0_25\lib\endorsed" />
    <property name="env.USERNAME" value="hassan.abul" />
    <property name="env.HUDSON_HOME" value="C:\Users\hassan.abul\.jenkins" />
    <property name="sun.os.patch.level" value="Service Pack 1" />
    <property name="java.vendor.url" value="http://java.oracle.com/" />
    <property name="env.COMPUTERNAME" value="DD-8MR3SW1" />
    <property name="env.=C:" value="C:\Users\hassan.abul\workspace\JUnitProject" />
    <property name="env.ProgramFiles(x86)" value="C:\Program Files (x86)" />
    <property name="env.NODE_NAME" value="master" />
    <property name="env.windows_tracing_flags" value="3" />
    <property name="java.version" value="1.8.0_25" />
    <property name="test.dest" value="C:\Users\hassan.abul\workspace\JUnitProject/build" />
    <property name="env.NODE_LABELS" value="master" />
    <property name="env.JENKINS_SERVER_COOKIE" value="0ec5e194a49eac68" />
    <property name="java.vendor.url.bug" value="http://bugreport.sun.com/bugreport/" />
    <property name="env.USERPROFILE" value="C:\Users\hassan.abul" />
    <property name="ant.project.invoked-targets" value="compile,run" />
    <property name="env.SystemRoot" value="C:\Windows" />
    <property name="user.name" value="hassan.abul" />
    <property name="sun.io.unicode.encoding" value="UnicodeLittle" />
    <property name="sun.jnu.encoding" value="Cp1252" />
    <property name="java.runtime.name" value="Java(TM) SE Runtime Environment" />
    <property name="env.LOCALAPPDATA" value="C:\Users\hassan.abul\AppData\Local" />
    <property name="ant.file.type.Module_8_Junit_Ant" value="file" />
    <property name="java.specification.name" value="Java Platform API Specification" />
    <property name="user.timezone" value="America/New_York" />
    <property name="user.script" value="" />
    <property name="path.separator" value=";" />
    <property name="env.PROCESSOR_IDENTIFIER" value="Intel64 Family 6 Model 58 Stepping 9, GenuineIntel" />
    <property name="env._JAVACMD" value="java.exe" />
    <property name="file.encoding" value="Cp1252" />
    <property name="ant.project.default-target" value="usage" />
    <property name="sun.java.command" value="org.apache.tools.ant.taskdefs.optional.junit.JUnitTestRunner testPackage.MySuiteRunner skipNonTests=false filtertrace=true haltOnError=false haltOnFailure=false formatter=org.apache.tools.ant.taskdefs.optional.junit.SummaryJUnitResultFormatter showoutput=false outputtoformatters=true logfailedtests=true threadid=0 logtestlistenerevents=false formatter=org.apache.tools.ant.taskdefs.optional.junit.XMLJUnitResultFormatter,C:\Users\hassan.abul\workspace\JUnitProject\Report\TEST-testPackage.MySuiteRunner.xml crashfile=C:\Users\hassan.abul\workspace\JUnitProject\junitvmwatcher4893745036416899943.properties propsfile=C:\Users\hassan.abul\workspace\JUnitProject\junit8924531892063885752.properties" />
    <property name="env.NUMBER_OF_PROCESSORS" value="8" />
    <property name="env.APPDATA" value="C:\Users\hassan.abul\AppData\Roaming" />
    <property name="ant.file" value="C:\Users\hassan.abul\workspace\JUnitProject\build.xml" />
    <property name="env.BUILD_TAG" value="jenkins-QA Automation - Hasan-11" />
    <property name="start.time" value="01/13/2015 04:17 PM" />
    <property name="java.io.tmpdir" value="C:\Users\HASSAN~1.ABU\AppData\Local\Temp\" />
    <property name="TODAY" value="January 13 2015" />
    <property name="user.language" value="en" />
    <property name="env.SystemDrive" value="C:" />
    <property name="line.separator" value="&#xd;&#xa;" />
    <property name="ant.file.type" value="file" />
    <property name="ANT" value="C:\Program Files\apache-ant-1.9.4/bin/ant.bat" />
    <property name="env.JOB_NAME" value="QA Automation - Hasan" />
    <property name="java.vm.info" value="mixed mode" />
    <property name="env.BUILD_DISPLAY_NAME" value="#11" />
    <property name="sun.desktop" value="windows" />
    <property name="java.vm.specification.name" value="Java Virtual Machine Specification" />
    <property name="env.BUILD_URL" value="http://localhost:8080/job/QA%20Automation%20-%20Hasan/11/" />
    <property name="env.PATHEXT" value=".COM;.EXE;.BAT;.CMD;.VBS;.VBE;.JS;.JSE;.WSF;.WSH;.MSC" />
    <property name="env.LOGONSERVER" value="\\SPANYCDC4" />
    <property name="java.awt.printerjob" value="sun.awt.windows.WPrinterJob" />
    <property name="env.HUDSON_SERVER_COOKIE" value="0ec5e194a49eac68" />
    <property name="env.PUBLIC" value="C:\Users\Public" />
    <property name="test.src" value="C:\Users\hassan.abul\workspace\JUnitProject/src" />
    <property name="ant.version" value="Apache Ant(TM) version 1.9.4 compiled on April 29 2014" />
    <property name="env.USERDOMAIN" value="SPA" />
    <property name="env.PROCESSOR_LEVEL" value="6" />
    <property name="env.config.override" value="C:\Work\workspace\SpaWeb\config\spa.dev.config" />
    <property name="env.windir" value="C:\Windows" />
    <property name="env.BUILD_NUMBER" value="11" />
    <property name="env.CommonProgramFiles(x86)" value="C:\Program Files (x86)\Common Files" />
    <property name="os.name" value="Windows 7" />
    <property name="java.specification.vendor" value="Oracle Corporation" />
    <property name="env.TMP" value="C:\Users\HASSAN~1.ABU\AppData\Local\Temp" />
    <property name="java.vm.name" value="Java HotSpot(TM) 64-Bit Server VM" />
    <property name="env.ProgramData" value="C:\ProgramData" />
    <property name="env.JOB_URL" value="http://localhost:8080/job/QA%20Automation%20-%20Hasan/" />
    <property name="env.OS" value="Windows_NT" />
    <property name="java.library.path" value="C:\Program Files\Java\jre1.8.0_25\bin;C:\Windows\Sun\Java\bin;C:\Windows\system32;C:\Windows;C:\ProgramData\Oracle\Java\javapath;C:\Program Files\Common Files\Microsoft Shared\Windows Live;C:\Program Files (x86)\Common Files\Microsoft Shared\Windows Live;c:\Program Files (x86)\AMD APP\bin\x86_64;c:\Program Files (x86)\AMD APP\bin\x86;C:\Program Files (x86)\Intel\iCLS Client\;C:\Program Files\Intel\iCLS Client\;C:\Windows\system32;C:\Windows;C:\Windows\System32\Wbem;C:\Windows\System32\WindowsPowerShell\v1.0\;C:\Program Files\Intel\Intel(R) Management Engine Components\DAL;C:\Program Files\Intel\Intel(R) Management Engine Components\IPT;C:\Program Files (x86)\Intel\Intel(R) Management Engine Components\DAL;C:\Program Files (x86)\Intel\Intel(R) Management Engine Components\IPT;c:\Program Files (x86)\ATI Technologies\ATI.ACE\Core-Static;C:\Program Files\Dell\Dell Data Protection\Access\Advanced\Wave\Gemalto\Access Client\v5\;C:\Program Files (x86)\Security Innovation\SI TSS\bin\;C:\Program Files (x86)\Windows Live\Shared;c:\Program Files (x86)\Microsoft SQL Server\100\Tools\Binn\VSShell\Common7\IDE\;c:\Program Files (x86)\Microsoft SQL Server\100\Tools\Binn\;c:\Program Files\Microsoft SQL Server\100\Tools\Binn\;c:\Program Files (x86)\Microsoft SQL Server\100\DTS\Binn\;C:\Program Files\TortoiseSVN\bin;C:\Program Files\apache-ant-1.9.4\bin;C:\Users\hassan.abul\Drivers;C:\Program Files (x86)\QuickTime\QTSystem\;C:\Users\hassan.abul\AppData\Local\Spoon\Cmd;." />
    <property name="env.HUDSON_URL" value="http://localhost:8080/" />
    <property name="ant.java.version" value="1.8" />
    <property name="env.JENKINS_URL" value="http://localhost:8080/" />
    <property name="basedir" value="C:\Users\hassan.abul\workspace\JUnitProject" />
    <property name="env.AMDAPPSDKROOT" value="c:\Program Files (x86)\AMD APP\" />
    <property name="java.class.version" value="52.0" />
    <property name="ant.home" value="C:\Program Files\apache-ant-1.9.4" />
    <property name="env.Path" value="C:\ProgramData\Oracle\Java\javapath;C:\Program Files\Common Files\Microsoft Shared\Windows Live;C:\Program Files (x86)\Common Files\Microsoft Shared\Windows Live;c:\Program Files (x86)\AMD APP\bin\x86_64;c:\Program Files (x86)\AMD APP\bin\x86;C:\Program Files (x86)\Intel\iCLS Client\;C:\Program Files\Intel\iCLS Client\;C:\Windows\system32;C:\Windows;C:\Windows\System32\Wbem;C:\Windows\System32\WindowsPowerShell\v1.0\;C:\Program Files\Intel\Intel(R) Management Engine Components\DAL;C:\Program Files\Intel\Intel(R) Management Engine Components\IPT;C:\Program Files (x86)\Intel\Intel(R) Management Engine Components\DAL;C:\Program Files (x86)\Intel\Intel(R) Management Engine Components\IPT;c:\Program Files (x86)\ATI Technologies\ATI.ACE\Core-Static;C:\Program Files\Dell\Dell Data Protection\Access\Advanced\Wave\Gemalto\Access Client\v5\;C:\Program Files (x86)\Security Innovation\SI TSS\bin\;C:\Program Files (x86)\Windows Live\Shared;c:\Program Files (x86)\Microsoft SQL Server\100\Tools\Binn\VSShell\Common7\IDE\;c:\Program Files (x86)\Microsoft SQL Server\100\Tools\Binn\;c:\Program Files\Microsoft SQL Server\100\Tools\Binn\;c:\Program Files (x86)\Microsoft SQL Server\100\DTS\Binn\;C:\Program Files\TortoiseSVN\bin;C:\Program Files\apache-ant-1.9.4\bin;C:\Users\hassan.abul\Drivers;C:\Program Files (x86)\QuickTime\QTSystem\;C:\Users\hassan.abul\AppData\Local\Spoon\Cmd" />
    <property name="env.JENKINS_HOME" value="C:\Users\hassan.abul\.jenkins" />
    <property name="env.HOMEDRIVE" value="H:" />
    <property name="env.HOMESHARE" value="\\spanycmgmt\users\hassan.abul" />
    <property name="test.reportsDir" value="C:/Users/hassan.abul/workspace/JUnitProject/Report" />
    <property name="env.windows_tracing_logfile" value="C:\BVTBin\Tests\installpackage\csilogfile.log" />
    <property name="sun.boot.library.path" value="C:\Program Files\Java\jre1.8.0_25\bin" />
    <property name="env.PROCESSOR_REVISION" value="3a09" />
    <property name="sun.management.compiler" value="HotSpot 64-Bit Tiered Compilers" />
    <property name="java.awt.graphicsenv" value="sun.awt.Win32GraphicsEnvironment" />
    <property name="user.variant" value="" />
    <property name="env.MOZ_DISABLE_OOP_PLUGINS" value="1" />
    <property name="env.asl.log" value="Destination=file" />
    <property name="ant.project.name" value="Module_8_Junit_Ant" />
    <property name="java.vm.specification.version" value="1.8" />
    <property name="awt.toolkit" value="sun.awt.windows.WToolkit" />
    <property name="sun.cpu.isalist" value="amd64" />
    <property name="java.ext.dirs" value="C:\Program Files\Java\jre1.8.0_25\lib\ext;C:\Windows\Sun\Java\lib\ext" />
    <property name="os.version" value="6.1" />
    <property name="user.home" value="C:\Users\hassan.abul" />
    <property name="java.vm.vendor" value="Oracle Corporation" />
    <property name="env.CommonProgramW6432" value="C:\Program Files\Common Files" />
    <property name="env.USERDNSDOMAIN" value="SPA.NYC" />
    <property name="env.ProgramW6432" value="C:\Program Files" />
    <property name="user.dir" value="C:\Users\hassan.abul\workspace\JUnitProject" />
    <property name="env.FP_NO_HOST_CHECK" value="NO" />
    <property name="test.classpath" value="C:\Users\hassan.abul\workspace\JUnitProject\JAR\apache-mime4j-0.6.jar:C:\Users\hassan.abul\workspace\JUnitProject\JAR\bsh-1.3.0.jar:C:\Users\hassan.abul\workspace\JUnitProject\JAR\cglib-nodep-2.1_3.jar:C:\Users\hassan.abul\workspace\JUnitProject\JAR\commons-codec-1.9.jar:C:\Users\hassan.abul\workspace\JUnitProject\JAR\commons-collections-3.2.1.jar:C:\Users\hassan.abul\workspace\JUnitProject\JAR\commons-exec-1.1.jar:C:\Users\hassan.abul\workspace\JUnitProject\JAR\commons-io-2.4.jar:C:\Users\hassan.abul\workspace\JUnitProject\JAR\commons-jxpath-1.3.jar:C:\Users\hassan.abul\workspace\JUnitProject\JAR\commons-lang3-3.3.2.jar:C:\Users\hassan.abul\workspace\JUnitProject\JAR\commons-logging-1.1.3.jar:C:\Users\hassan.abul\workspace\JUnitProject\JAR\cssparser-0.9.14.jar:C:\Users\hassan.abul\workspace\JUnitProject\JAR\gson-2.3.jar:C:\Users\hassan.abul\workspace\JUnitProject\JAR\guava-18.0.jar:C:\Users\hassan.abul\workspace\JUnitProject\JAR\hamcrest-core-1.3.jar:C:\Users\hassan.abul\workspace\JUnitProject\JAR\hamcrest-library-1.3.jar:C:\Users\hassan.abul\workspace\JUnitProject\JAR\htmlunit-2.15.jar:C:\Users\hassan.abul\workspace\JUnitProject\JAR\htmlunit-core-js-2.15.jar:C:\Users\hassan.abul\workspace\JUnitProject\JAR\httpclient-4.3.4.jar:C:\Users\hassan.abul\workspace\JUnitProject\JAR\httpcore-4.3.2.jar:C:\Users\hassan.abul\workspace\JUnitProject\JAR\httpmime-4.3.4.jar:C:\Users\hassan.abul\workspace\JUnitProject\JAR\ini4j-0.5.2.jar:C:\Users\hassan.abul\workspace\JUnitProject\JAR\jcommander-1.29.jar:C:\Users\hassan.abul\workspace\JUnitProject\JAR\jetty-websocket-8.1.8.jar:C:\Users\hassan.abul\workspace\JUnitProject\JAR\jna-3.4.0.jar:C:\Users\hassan.abul\workspace\JUnitProject\JAR\jna-platform-3.4.0.jar:C:\Users\hassan.abul\workspace\JUnitProject\JAR\json-20080701.jar:C:\Users\hassan.abul\workspace\JUnitProject\JAR\junit-4.12.jar:C:\Users\hassan.abul\workspace\JUnitProject\JAR\junit-dep-4.11.jar:C:\Users\hassan.abul\workspace\JUnitProject\JAR\jxl.jar:C:\Users\hassan.abul\workspace\JUnitProject\JAR\nekohtml-1.9.21.jar:C:\Users\hassan.abul\workspace\JUnitProject\JAR\netty-3.5.7.Final.jar:C:\Users\hassan.abul\workspace\JUnitProject\JAR\operadriver-1.5.jar:C:\Users\hassan.abul\workspace\JUnitProject\JAR\phantomjsdriver-1.1.0.jar:C:\Users\hassan.abul\workspace\JUnitProject\JAR\protobuf-java-2.4.1.jar:C:\Users\hassan.abul\workspace\JUnitProject\JAR\sac-1.3.jar:C:\Users\hassan.abul\workspace\JUnitProject\JAR\selenium-java-2.44.0-srcs.jar:C:\Users\hassan.abul\workspace\JUnitProject\JAR\selenium-java-2.44.0.jar:C:\Users\hassan.abul\workspace\JUnitProject\JAR\selenium-server-standalone-2.44.0.jar:C:\Users\hassan.abul\workspace\JUnitProject\JAR\serializer-2.7.1.jar:C:\Users\hassan.abul\workspace\JUnitProject\JAR\testng-6.8.5.jar:C:\Users\hassan.abul\workspace\JUnitProject\JAR\xalan-2.7.1.jar:C:\Users\hassan.abul\workspace\JUnitProject\JAR\xercesImpl-2.11.0.jar:C:\Users\hassan.abul\workspace\JUnitProject\JAR\xml-apis-1.4.01.jar" />
    <property name="sun.cpu.endian" value="little" />
    <property name="env._USE_CLASSPATH" value="no" />
    <property name="env.ALLUSERSPROFILE" value="C:\ProgramData" />
    <property name="env.PROCESSOR_ARCHITECTURE" value="AMD64" />
    <property name="java.vm.version" value="25.25-b02" />
    <property name="java.class.path" value="C:\Users\hassan.abul\workspace\JUnitProject\build;C:\Users\hassan.abul\workspace\JUnitProject\JAR\apache-mime4j-0.6.jar;C:\Users\hassan.abul\workspace\JUnitProject\JAR\bsh-1.3.0.jar;C:\Users\hassan.abul\workspace\JUnitProject\JAR\cglib-nodep-2.1_3.jar;C:\Users\hassan.abul\workspace\JUnitProject\JAR\commons-codec-1.9.jar;C:\Users\hassan.abul\workspace\JUnitProject\JAR\commons-collections-3.2.1.jar;C:\Users\hassan.abul\workspace\JUnitProject\JAR\commons-exec-1.1.jar;C:\Users\hassan.abul\workspace\JUnitProject\JAR\commons-io-2.4.jar;C:\Users\hassan.abul\workspace\JUnitProject\JAR\commons-jxpath-1.3.jar;C:\Users\hassan.abul\workspace\JUnitProject\JAR\commons-lang3-3.3.2.jar;C:\Users\hassan.abul\workspace\JUnitProject\JAR\commons-logging-1.1.3.jar;C:\Users\hassan.abul\workspace\JUnitProject\JAR\cssparser-0.9.14.jar;C:\Users\hassan.abul\workspace\JUnitProject\JAR\gson-2.3.jar;C:\Users\hassan.abul\workspace\JUnitProject\JAR\guava-18.0.jar;C:\Users\hassan.abul\workspace\JUnitProject\JAR\hamcrest-core-1.3.jar;C:\Users\hassan.abul\workspace\JUnitProject\JAR\hamcrest-library-1.3.jar;C:\Users\hassan.abul\workspace\JUnitProject\JAR\htmlunit-2.15.jar;C:\Users\hassan.abul\workspace\JUnitProject\JAR\htmlunit-core-js-2.15.jar;C:\Users\hassan.abul\workspace\JUnitProject\JAR\httpclient-4.3.4.jar;C:\Users\hassan.abul\workspace\JUnitProject\JAR\httpcore-4.3.2.jar;C:\Users\hassan.abul\workspace\JUnitProject\JAR\httpmime-4.3.4.jar;C:\Users\hassan.abul\workspace\JUnitProject\JAR\ini4j-0.5.2.jar;C:\Users\hassan.abul\workspace\JUnitProject\JAR\jcommander-1.29.jar;C:\Users\hassan.abul\workspace\JUnitProject\JAR\jetty-websocket-8.1.8.jar;C:\Users\hassan.abul\workspace\JUnitProject\JAR\jna-3.4.0.jar;C:\Users\hassan.abul\workspace\JUnitProject\JAR\jna-platform-3.4.0.jar;C:\Users\hassan.abul\workspace\JUnitProject\JAR\json-20080701.jar;C:\Users\hassan.abul\workspace\JUnitProject\JAR\junit-4.12.jar;C:\Users\hassan.abul\workspace\JUnitProject\JAR\junit-dep-4.11.jar;C:\Users\hassan.abul\workspace\JUnitProject\JAR\jxl.jar;C:\Users\hassan.abul\workspace\JUnitProject\JAR\nekohtml-1.9.21.jar;C:\Users\hassan.abul\workspace\JUnitProject\JAR\netty-3.5.7.Final.jar;C:\Users\hassan.abul\workspace\JUnitProject\JAR\operadriver-1.5.jar;C:\Users\hassan.abul\workspace\JUnitProject\JAR\phantomjsdriver-1.1.0.jar;C:\Users\hassan.abul\workspace\JUnitProject\JAR\protobuf-java-2.4.1.jar;C:\Users\hassan.abul\workspace\JUnitProject\JAR\sac-1.3.jar;C:\Users\hassan.abul\workspace\JUnitProject\JAR\selenium-java-2.44.0-srcs.jar;C:\Users\hassan.abul\workspace\JUnitProject\JAR\selenium-java-2.44.0.jar;C:\Users\hassan.abul\workspace\JUnitProject\JAR\selenium-server-standalone-2.44.0.jar;C:\Users\hassan.abul\workspace\JUnitProject\JAR\serializer-2.7.1.jar;C:\Users\hassan.abul\workspace\JUnitProject\JAR\testng-6.8.5.jar;C:\Users\hassan.abul\workspace\JUnitProject\JAR\xalan-2.7.1.jar;C:\Users\hassan.abul\workspace\JUnitProject\JAR\xercesImpl-2.11.0.jar;C:\Users\hassan.abul\workspace\JUnitProject\JAR\xml-apis-1.4.01.jar;C:\Program Files\apache-ant-1.9.4\lib\ant-launcher.jar;C:\Program Files\apache-ant-1.9.4\lib\ant.jar;C:\Program Files\apache-ant-1.9.4\lib\ant-junit.jar;C:\Program Files\apache-ant-1.9.4\lib\ant-junit4.jar" />
    <property name="env.HOMEPATH" value="\" />
    <property name="DSTAMP" value="20150113" />
    <property name="ant.library.dir" value="C:\Program Files\apache-ant-1.9.4\lib" />
    <property name="os.arch" value="amd64" />
    <property name="env.SESSIONNAME" value="Console" />
    <property name="sun.java.launcher" value="SUN_STANDARD" />
    <property name="env.CommonProgramFiles" value="C:\Program Files\Common Files" />
    <property name="env.BUILD_ID" value="2015-01-13_16-17-40" />
    <property name="ant.core.lib" value="C:\Program Files\apache-ant-1.9.4\lib\ant.jar" />
    <property name="env.ProgramFiles" value="C:\Program Files" />
    <property name="java.vm.specification.vendor" value="Oracle Corporation" />
    <property name="TSTAMP" value="1617" />
    <property name="file.separator" value="\" />
    <property name="env.ANT_CMD_LINE_ARGS" value=" -file build.xml compile run" />
    <property name="java.runtime.version" value="1.8.0_25-b18" />
    <property name="sun.boot.class.path" value="C:\Program Files\Java\jre1.8.0_25\lib\resources.jar;C:\Program Files\Java\jre1.8.0_25\lib\rt.jar;C:\Program Files\Java\jre1.8.0_25\lib\sunrsasign.jar;C:\Program Files\Java\jre1.8.0_25\lib\jsse.jar;C:\Program Files\Java\jre1.8.0_25\lib\jce.jar;C:\Program Files\Java\jre1.8.0_25\lib\charsets.jar;C:\Program Files\Java\jre1.8.0_25\lib\jfr.jar;C:\Program Files\Java\jre1.8.0_25\classes" />
    <property name="env.ComSpec" value="C:\Windows\system32\cmd.exe" />
    <property name="env.WORKSPACE" value="C:\Users\hassan.abul\.jenkins\workspace\QA Automation - Hasan" />
    <property name="env.TEMP" value="C:\Users\HASSAN~1.ABU\AppData\Local\Temp" />
    <property name="env.ANT_HOME" value="C:\Program Files\apache-ant-1.9.4" />
    <property name="user.country" value="US" />
    <property name="ws.home" value="C:\Users\hassan.abul\workspace\JUnitProject" />
    <property name="env.EXECUTOR_NUMBER" value="1" />
    <property name="java.vendor" value="Oracle Corporation" />
    <property name="env.PSModulePath" value="C:\Windows\system32\WindowsPowerShell\v1.0\Modules\" />
    <property name="env.HUDSON_COOKIE" value="ac7ecb0a-84aa-4d6f-942b-c5d1c1ce1fc6" />
    <property name="java.specification.version" value="1.8" />
    <property name="sun.arch.data.model" value="64" />
  </properties>
  <testcase classname="testPackage.ValidLogInInfo" name="ValidInfo[0]" time="18.617" />
  <testcase classname="testPackage.InvalidInfo" name="invalidInfo[0]" time="7.838" />
  <system-out><![CDATA[Firefox has been Selected
----------------------------------------------------
Actual is:==== Joyar Rahim Expected is:==== Joyar Rahim
Log in with valid info test case compleated
Firefox has been Selected
----------------------------------------------------
Actual is:==== The username and password entered were not found. Please try again. Expected is:==== The username and password entered were not found. Please try again.
Invalid Info test cases ran completly
]]></system-out>
  <system-err><![CDATA[]]></system-err>
</testsuite>
